#
# There is insufficient memory for the Java Runtime Environment to continue.
# Native memory allocation (malloc) failed to allocate 1630656 bytes for Chunk::new
# Possible reasons:
#   The system is out of physical RAM or swap space
#   The process is running with CompressedOops enabled, and the Java Heap may be blocking the growth of the native heap
# Possible solutions:
#   Reduce memory load on the system
#   Increase physical memory or swap space
#   Check if swap backing store is full
#   Decrease Java heap size (-Xmx/-Xms)
#   Decrease number of Java threads
#   Decrease Java thread stack sizes (-Xss)
#   Set larger code cache with -XX:ReservedCodeCacheSize=
#   JVM is running with Unscaled Compressed Oops mode in which the Java heap is
#     placed in the first 4GB address space. The Java Heap base address is the
#     maximum limit for the native heap growth. Please use -XX:HeapBaseMinAddress
#     to set the Java Heap base and to place the Java Heap above 4GB virtual address.
# This output file may be truncated or incomplete.
#
#  Out of Memory Error (arena.cpp:168), pid=8976, tid=16552
#
# JRE version: OpenJDK Runtime Environment (21.0.2+13) (build 21.0.2+13-58)
# Java VM: OpenJDK 64-Bit Server VM (21.0.2+13-58, mixed mode, sharing, tiered, compressed oops, compressed class ptrs, g1 gc, windows-amd64)
# No core dump will be written. Minidumps are not enabled by default on client versions of Windows
#

---------------  S U M M A R Y ------------

Command Line: -javaagent:C:\Program Files\JetBrains\IntelliJ IDEA Community Edition 2023.3.4\lib\idea_rt.jar=9394:C:\Program Files\JetBrains\IntelliJ IDEA Community Edition 2023.3.4\bin -Dfile.encoding=UTF-8 -Dsun.stdout.encoding=UTF-8 -Dsun.stderr.encoding=UTF-8 com.example.uniproject.UniprojectApplication

Host: 11th Gen Intel(R) Core(TM) i5-1155G7 @ 2.50GHz, 8 cores, 7G,  Windows 11 , 64 bit Build 22621 (10.0.22621.3235)
Time: Wed Apr  3 20:46:18 2024 RTZ 2 (s 11 , 64 bit Build 22621 (10.0.22621.3235) elapsed time: 1.229995 seconds (0d 0h 0m 1s)

---------------  T H R E A D  ---------------

Current thread (0x000001a77f115560):  JavaThread "C2 CompilerThread0" daemon [_thread_in_native, id=16552, stack(0x0000005c03c00000,0x0000005c03d00000) (1024K)]


Current CompileTask:
C2:   1230 2502       4       java.lang.invoke.MethodType::methodType (69 bytes)

Stack: [0x0000005c03c00000,0x0000005c03d00000]
Native frames: (J=compiled Java code, j=interpreted, Vv=VM code, C=native code)
V  [jvm.dll+0x6cade9]
V  [jvm.dll+0x8569c1]
V  [jvm.dll+0x858d2e]
V  [jvm.dll+0x859413]
V  [jvm.dll+0x280e56]
V  [jvm.dll+0xc3f3d]
V  [jvm.dll+0xc4473]
V  [jvm.dll+0x3b5c2c]
V  [jvm.dll+0x382855]
V  [jvm.dll+0x381cca]
V  [jvm.dll+0x249bd0]
V  [jvm.dll+0x2491b1]
V  [jvm.dll+0x1c9634]
V  [jvm.dll+0x258859]
V  [jvm.dll+0x256e3a]
V  [jvm.dll+0x3ef6c6]
V  [jvm.dll+0x7ff568]
V  [jvm.dll+0x6c953d]
C  [ucrtbase.dll+0x29363]
C  [KERNEL32.DLL+0x1257d]
C  [ntdll.dll+0x5aa58]


---------------  P R O C E S S  ---------------

Threads class SMR info:
_java_thread_list=0x000001a7593d19e0, length=13, elements={
0x000001a77576cff0, 0x000001a77f103eb0, 0x000001a77f104ec0, 0x000001a77f108380,
0x000001a77f109560, 0x000001a77f10dce0, 0x000001a77f110580, 0x000001a77f115560,
0x000001a77f11bda0, 0x000001a7581f3ce0, 0x000001a77f119b90, 0x000001a758472b80,
0x000001a7584731f0
}

Java Threads: ( => current thread )
  0x000001a77576cff0 JavaThread "main"                              [_thread_in_vm, id=12100, stack(0x0000005c02e00000,0x0000005c02f00000) (1024K)]
  0x000001a77f103eb0 JavaThread "Reference Handler"          daemon [_thread_blocked, id=2996, stack(0x0000005c03600000,0x0000005c03700000) (1024K)]
  0x000001a77f104ec0 JavaThread "Finalizer"                  daemon [_thread_blocked, id=4952, stack(0x0000005c03700000,0x0000005c03800000) (1024K)]
  0x000001a77f108380 JavaThread "Signal Dispatcher"          daemon [_thread_blocked, id=14992, stack(0x0000005c03800000,0x0000005c03900000) (1024K)]
  0x000001a77f109560 JavaThread "Attach Listener"            daemon [_thread_blocked, id=16652, stack(0x0000005c03900000,0x0000005c03a00000) (1024K)]
  0x000001a77f10dce0 JavaThread "Service Thread"             daemon [_thread_blocked, id=4964, stack(0x0000005c03a00000,0x0000005c03b00000) (1024K)]
  0x000001a77f110580 JavaThread "Monitor Deflation Thread"   daemon [_thread_blocked, id=5464, stack(0x0000005c03b00000,0x0000005c03c00000) (1024K)]
=>0x000001a77f115560 JavaThread "C2 CompilerThread0"         daemon [_thread_in_native, id=16552, stack(0x0000005c03c00000,0x0000005c03d00000) (1024K)]
  0x000001a77f11bda0 JavaThread "C1 CompilerThread0"         daemon [_thread_blocked, id=14240, stack(0x0000005c03d00000,0x0000005c03e00000) (1024K)]
  0x000001a7581f3ce0 JavaThread "Common-Cleaner"             daemon [_thread_blocked, id=12308, stack(0x0000005c03e00000,0x0000005c03f00000) (1024K)]
  0x000001a77f119b90 JavaThread "C2 CompilerThread1"         daemon [_thread_in_native, id=12716, stack(0x0000005c03f00000,0x0000005c04000000) (1024K)]
  0x000001a758472b80 JavaThread "Monitor Ctrl-Break"         daemon [_thread_in_native, id=7104, stack(0x0000005c04000000,0x0000005c04100000) (1024K)]
  0x000001a7584731f0 JavaThread "Notification Thread"        daemon [_thread_blocked, id=3648, stack(0x0000005c04100000,0x0000005c04200000) (1024K)]
Total: 13

Other Threads:
  0x000001a77f0e6530 VMThread "VM Thread"                           [id=3424, stack(0x0000005c03500000,0x0000005c03600000) (1024K)]
  0x000001a77f0c7f70 WatcherThread "VM Periodic Task Thread"        [id=636, stack(0x0000005c03400000,0x0000005c03500000) (1024K)]
  0x000001a7757c32f0 WorkerThread "GC Thread#0"                     [id=3036, stack(0x0000005c02f00000,0x0000005c03000000) (1024K)]
  0x000001a758ef1fb0 WorkerThread "GC Thread#1"                     [id=12624, stack(0x0000005c04200000,0x0000005c04300000) (1024K)]
  0x000001a758ef31d0 WorkerThread "GC Thread#2"                     [id=16408, stack(0x0000005c04300000,0x0000005c04400000) (1024K)]
  0x000001a758ef3910 WorkerThread "GC Thread#3"                     [id=7320, stack(0x0000005c04400000,0x0000005c04500000) (1024K)]
  0x000001a758ef2350 WorkerThread "GC Thread#4"                     [id=15192, stack(0x0000005c04500000,0x0000005c04600000) (1024K)]
  0x000001a758ef26f0 WorkerThread "GC Thread#5"                     [id=3780, stack(0x0000005c04600000,0x0000005c04700000) (1024K)]
  0x000001a758ef2a90 WorkerThread "GC Thread#6"                     [id=15292, stack(0x0000005c04800000,0x0000005c04900000) (1024K)]
  0x000001a758ef2e30 WorkerThread "GC Thread#7"                     [id=15816, stack(0x0000005c04900000,0x0000005c04a00000) (1024K)]
  0x000001a7757d3dc0 ConcurrentGCThread "G1 Main Marker"            [id=2652, stack(0x0000005c03000000,0x0000005c03100000) (1024K)]
  0x000001a7757d6070 WorkerThread "G1 Conc#0"                       [id=12576, stack(0x0000005c03100000,0x0000005c03200000) (1024K)]
  0x000001a77582e660 ConcurrentGCThread "G1 Refine#0"               [id=16912, stack(0x0000005c03200000,0x0000005c03300000) (1024K)]
  0x000001a77ef9c380 ConcurrentGCThread "G1 Service"                [id=10744, stack(0x0000005c03300000,0x0000005c03400000) (1024K)]
Total: 14

Threads with active compile tasks:
C2 CompilerThread0     1244 2502       4       java.lang.invoke.MethodType::methodType (69 bytes)
C2 CompilerThread1     1244 2662       4       java.util.HashSet::add (20 bytes)
Total: 2

VM state: not at safepoint (normal execution)

VM Mutex/Monitor currently owned by a thread: None

Heap address: 0x0000000083600000, size: 1994 MB, Compressed Oops mode: 32-bit

CDS archive(s) mapped at: [0x000001a713000000-0x000001a713c90000-0x000001a713c90000), size 13172736, SharedBaseAddress: 0x000001a713000000, ArchiveRelocationMode: 1.
Compressed class space mapped at: 0x000001a714000000-0x000001a754000000, reserved size: 1073741824
Narrow klass base: 0x000001a713000000, Narrow klass shift: 0, Narrow klass range: 0x100000000

GC Precious Log:
 CardTable entry size: 512
 Card Set container configuration: InlinePtr #cards 5 size 8 Array Of Cards #cards 12 size 40 Howl #buckets 4 coarsen threshold 1843 Howl Bitmap #cards 512 size 80 coarsen threshold 460 Card regions per heap region 1 cards per card region 2048
 CPUs: 8 total, 8 available
 Memory: 7975M
 Large Page Support: Disabled
 NUMA Support: Disabled
 Compressed Oops: Enabled (32-bit)
 Heap Region Size: 1M
 Heap Min Capacity: 8M
 Heap Initial Capacity: 126M
 Heap Max Capacity: 1994M
 Pre-touch: Disabled
 Parallel Workers: 8
 Concurrent Workers: 2
 Concurrent Refinement Workers: 8
 Periodic GC: Disabled

Heap:
 garbage-first heap   total 129024K, used 28391K [0x0000000083600000, 0x0000000100000000)
  region size 1024K, 24 young (24576K), 3 survivors (3072K)
 Metaspace       used 19023K, committed 19328K, reserved 1114112K
  class space    used 2288K, committed 2432K, reserved 1048576K

Heap Regions: E=young(eden), S=young(survivor), O=old, HS=humongous(starts), HC=humongous(continues), CS=collection set, F=free, TAMS=top-at-mark-start, PB=parsable bottom
|   0|0x0000000083600000, 0x0000000083700000, 0x0000000083700000|100%| O|  |TAMS 0x0000000083600000| PB 0x0000000083600000| Untracked 
|   1|0x0000000083700000, 0x0000000083800000, 0x0000000083800000|100%| O|  |TAMS 0x0000000083700000| PB 0x0000000083700000| Untracked 
|   2|0x0000000083800000, 0x0000000083900000, 0x0000000083900000|100%| O|  |TAMS 0x0000000083800000| PB 0x0000000083800000| Untracked 
|   3|0x0000000083900000, 0x0000000083a00000, 0x0000000083a00000|100%| O|  |TAMS 0x0000000083900000| PB 0x0000000083900000| Untracked 
|   4|0x0000000083a00000, 0x0000000083af12e0, 0x0000000083b00000| 94%| O|  |TAMS 0x0000000083a00000| PB 0x0000000083a00000| Untracked 
|   5|0x0000000083b00000, 0x0000000083b00000, 0x0000000083c00000|  0%| F|  |TAMS 0x0000000083b00000| PB 0x0000000083b00000| Untracked 
|   6|0x0000000083c00000, 0x0000000083c00000, 0x0000000083d00000|  0%| F|  |TAMS 0x0000000083c00000| PB 0x0000000083c00000| Untracked 
|   7|0x0000000083d00000, 0x0000000083d00000, 0x0000000083e00000|  0%| F|  |TAMS 0x0000000083d00000| PB 0x0000000083d00000| Untracked 
|   8|0x0000000083e00000, 0x0000000083e00000, 0x0000000083f00000|  0%| F|  |TAMS 0x0000000083e00000| PB 0x0000000083e00000| Untracked 
|   9|0x0000000083f00000, 0x0000000083f00000, 0x0000000084000000|  0%| F|  |TAMS 0x0000000083f00000| PB 0x0000000083f00000| Untracked 
|  10|0x0000000084000000, 0x0000000084000000, 0x0000000084100000|  0%| F|  |TAMS 0x0000000084000000| PB 0x0000000084000000| Untracked 
|  11|0x0000000084100000, 0x0000000084100000, 0x0000000084200000|  0%| F|  |TAMS 0x0000000084100000| PB 0x0000000084100000| Untracked 
|  12|0x0000000084200000, 0x0000000084200000, 0x0000000084300000|  0%| F|  |TAMS 0x0000000084200000| PB 0x0000000084200000| Untracked 
|  13|0x0000000084300000, 0x0000000084300000, 0x0000000084400000|  0%| F|  |TAMS 0x0000000084300000| PB 0x0000000084300000| Untracked 
|  14|0x0000000084400000, 0x0000000084400000, 0x0000000084500000|  0%| F|  |TAMS 0x0000000084400000| PB 0x0000000084400000| Untracked 
|  15|0x0000000084500000, 0x0000000084500000, 0x0000000084600000|  0%| F|  |TAMS 0x0000000084500000| PB 0x0000000084500000| Untracked 
|  16|0x0000000084600000, 0x0000000084600000, 0x0000000084700000|  0%| F|  |TAMS 0x0000000084600000| PB 0x0000000084600000| Untracked 
|  17|0x0000000084700000, 0x0000000084700000, 0x0000000084800000|  0%| F|  |TAMS 0x0000000084700000| PB 0x0000000084700000| Untracked 
|  18|0x0000000084800000, 0x0000000084800000, 0x0000000084900000|  0%| F|  |TAMS 0x0000000084800000| PB 0x0000000084800000| Untracked 
|  19|0x0000000084900000, 0x0000000084900000, 0x0000000084a00000|  0%| F|  |TAMS 0x0000000084900000| PB 0x0000000084900000| Untracked 
|  20|0x0000000084a00000, 0x0000000084a00000, 0x0000000084b00000|  0%| F|  |TAMS 0x0000000084a00000| PB 0x0000000084a00000| Untracked 
|  21|0x0000000084b00000, 0x0000000084b00000, 0x0000000084c00000|  0%| F|  |TAMS 0x0000000084b00000| PB 0x0000000084b00000| Untracked 
|  22|0x0000000084c00000, 0x0000000084c00000, 0x0000000084d00000|  0%| F|  |TAMS 0x0000000084c00000| PB 0x0000000084c00000| Untracked 
|  23|0x0000000084d00000, 0x0000000084d00000, 0x0000000084e00000|  0%| F|  |TAMS 0x0000000084d00000| PB 0x0000000084d00000| Untracked 
|  24|0x0000000084e00000, 0x0000000084e00000, 0x0000000084f00000|  0%| F|  |TAMS 0x0000000084e00000| PB 0x0000000084e00000| Untracked 
|  25|0x0000000084f00000, 0x0000000084f00000, 0x0000000085000000|  0%| F|  |TAMS 0x0000000084f00000| PB 0x0000000084f00000| Untracked 
|  26|0x0000000085000000, 0x0000000085000000, 0x0000000085100000|  0%| F|  |TAMS 0x0000000085000000| PB 0x0000000085000000| Untracked 
|  27|0x0000000085100000, 0x0000000085100000, 0x0000000085200000|  0%| F|  |TAMS 0x0000000085100000| PB 0x0000000085100000| Untracked 
|  28|0x0000000085200000, 0x0000000085200000, 0x0000000085300000|  0%| F|  |TAMS 0x0000000085200000| PB 0x0000000085200000| Untracked 
|  29|0x0000000085300000, 0x0000000085300000, 0x0000000085400000|  0%| F|  |TAMS 0x0000000085300000| PB 0x0000000085300000| Untracked 
|  30|0x0000000085400000, 0x0000000085400000, 0x0000000085500000|  0%| F|  |TAMS 0x0000000085400000| PB 0x0000000085400000| Untracked 
|  31|0x0000000085500000, 0x0000000085500000, 0x0000000085600000|  0%| F|  |TAMS 0x0000000085500000| PB 0x0000000085500000| Untracked 
|  32|0x0000000085600000, 0x0000000085600000, 0x0000000085700000|  0%| F|  |TAMS 0x0000000085600000| PB 0x0000000085600000| Untracked 
|  33|0x0000000085700000, 0x0000000085700000, 0x0000000085800000|  0%| F|  |TAMS 0x0000000085700000| PB 0x0000000085700000| Untracked 
|  34|0x0000000085800000, 0x0000000085800000, 0x0000000085900000|  0%| F|  |TAMS 0x0000000085800000| PB 0x0000000085800000| Untracked 
|  35|0x0000000085900000, 0x0000000085900000, 0x0000000085a00000|  0%| F|  |TAMS 0x0000000085900000| PB 0x0000000085900000| Untracked 
|  36|0x0000000085a00000, 0x0000000085a00000, 0x0000000085b00000|  0%| F|  |TAMS 0x0000000085a00000| PB 0x0000000085a00000| Untracked 
|  37|0x0000000085b00000, 0x0000000085b00000, 0x0000000085c00000|  0%| F|  |TAMS 0x0000000085b00000| PB 0x0000000085b00000| Untracked 
|  38|0x0000000085c00000, 0x0000000085c00000, 0x0000000085d00000|  0%| F|  |TAMS 0x0000000085c00000| PB 0x0000000085c00000| Untracked 
|  39|0x0000000085d00000, 0x0000000085d00000, 0x0000000085e00000|  0%| F|  |TAMS 0x0000000085d00000| PB 0x0000000085d00000| Untracked 
|  40|0x0000000085e00000, 0x0000000085e00000, 0x0000000085f00000|  0%| F|  |TAMS 0x0000000085e00000| PB 0x0000000085e00000| Untracked 
|  41|0x0000000085f00000, 0x0000000085f00000, 0x0000000086000000|  0%| F|  |TAMS 0x0000000085f00000| PB 0x0000000085f00000| Untracked 
|  42|0x0000000086000000, 0x0000000086000000, 0x0000000086100000|  0%| F|  |TAMS 0x0000000086000000| PB 0x0000000086000000| Untracked 
|  43|0x0000000086100000, 0x0000000086100000, 0x0000000086200000|  0%| F|  |TAMS 0x0000000086100000| PB 0x0000000086100000| Untracked 
|  44|0x0000000086200000, 0x0000000086200000, 0x0000000086300000|  0%| F|  |TAMS 0x0000000086200000| PB 0x0000000086200000| Untracked 
|  45|0x0000000086300000, 0x0000000086300000, 0x0000000086400000|  0%| F|  |TAMS 0x0000000086300000| PB 0x0000000086300000| Untracked 
|  46|0x0000000086400000, 0x0000000086400000, 0x0000000086500000|  0%| F|  |TAMS 0x0000000086400000| PB 0x0000000086400000| Untracked 
|  47|0x0000000086500000, 0x0000000086500000, 0x0000000086600000|  0%| F|  |TAMS 0x0000000086500000| PB 0x0000000086500000| Untracked 
|  48|0x0000000086600000, 0x0000000086600000, 0x0000000086700000|  0%| F|  |TAMS 0x0000000086600000| PB 0x0000000086600000| Untracked 
|  49|0x0000000086700000, 0x0000000086700000, 0x0000000086800000|  0%| F|  |TAMS 0x0000000086700000| PB 0x0000000086700000| Untracked 
|  50|0x0000000086800000, 0x0000000086800000, 0x0000000086900000|  0%| F|  |TAMS 0x0000000086800000| PB 0x0000000086800000| Untracked 
|  51|0x0000000086900000, 0x0000000086900000, 0x0000000086a00000|  0%| F|  |TAMS 0x0000000086900000| PB 0x0000000086900000| Untracked 
|  52|0x0000000086a00000, 0x0000000086a00000, 0x0000000086b00000|  0%| F|  |TAMS 0x0000000086a00000| PB 0x0000000086a00000| Untracked 
|  53|0x0000000086b00000, 0x0000000086b00000, 0x0000000086c00000|  0%| F|  |TAMS 0x0000000086b00000| PB 0x0000000086b00000| Untracked 
|  54|0x0000000086c00000, 0x0000000086c00000, 0x0000000086d00000|  0%| F|  |TAMS 0x0000000086c00000| PB 0x0000000086c00000| Untracked 
|  55|0x0000000086d00000, 0x0000000086d00000, 0x0000000086e00000|  0%| F|  |TAMS 0x0000000086d00000| PB 0x0000000086d00000| Untracked 
|  56|0x0000000086e00000, 0x0000000086e00000, 0x0000000086f00000|  0%| F|  |TAMS 0x0000000086e00000| PB 0x0000000086e00000| Untracked 
|  57|0x0000000086f00000, 0x0000000086f00000, 0x0000000087000000|  0%| F|  |TAMS 0x0000000086f00000| PB 0x0000000086f00000| Untracked 
|  58|0x0000000087000000, 0x0000000087000000, 0x0000000087100000|  0%| F|  |TAMS 0x0000000087000000| PB 0x0000000087000000| Untracked 
|  59|0x0000000087100000, 0x0000000087100000, 0x0000000087200000|  0%| F|  |TAMS 0x0000000087100000| PB 0x0000000087100000| Untracked 
|  60|0x0000000087200000, 0x0000000087200000, 0x0000000087300000|  0%| F|  |TAMS 0x0000000087200000| PB 0x0000000087200000| Untracked 
|  61|0x0000000087300000, 0x0000000087300000, 0x0000000087400000|  0%| F|  |TAMS 0x0000000087300000| PB 0x0000000087300000| Untracked 
|  62|0x0000000087400000, 0x0000000087400000, 0x0000000087500000|  0%| F|  |TAMS 0x0000000087400000| PB 0x0000000087400000| Untracked 
|  63|0x0000000087500000, 0x0000000087500000, 0x0000000087600000|  0%| F|  |TAMS 0x0000000087500000| PB 0x0000000087500000| Untracked 
|  64|0x0000000087600000, 0x0000000087600000, 0x0000000087700000|  0%| F|  |TAMS 0x0000000087600000| PB 0x0000000087600000| Untracked 
|  65|0x0000000087700000, 0x0000000087700000, 0x0000000087800000|  0%| F|  |TAMS 0x0000000087700000| PB 0x0000000087700000| Untracked 
|  66|0x0000000087800000, 0x0000000087800000, 0x0000000087900000|  0%| F|  |TAMS 0x0000000087800000| PB 0x0000000087800000| Untracked 
|  67|0x0000000087900000, 0x0000000087900000, 0x0000000087a00000|  0%| F|  |TAMS 0x0000000087900000| PB 0x0000000087900000| Untracked 
|  68|0x0000000087a00000, 0x0000000087a00000, 0x0000000087b00000|  0%| F|  |TAMS 0x0000000087a00000| PB 0x0000000087a00000| Untracked 
|  69|0x0000000087b00000, 0x0000000087b00000, 0x0000000087c00000|  0%| F|  |TAMS 0x0000000087b00000| PB 0x0000000087b00000| Untracked 
|  70|0x0000000087c00000, 0x0000000087c00000, 0x0000000087d00000|  0%| F|  |TAMS 0x0000000087c00000| PB 0x0000000087c00000| Untracked 
|  71|0x0000000087d00000, 0x0000000087d00000, 0x0000000087e00000|  0%| F|  |TAMS 0x0000000087d00000| PB 0x0000000087d00000| Untracked 
|  72|0x0000000087e00000, 0x0000000087e00000, 0x0000000087f00000|  0%| F|  |TAMS 0x0000000087e00000| PB 0x0000000087e00000| Untracked 
|  73|0x0000000087f00000, 0x0000000087f00000, 0x0000000088000000|  0%| F|  |TAMS 0x0000000087f00000| PB 0x0000000087f00000| Untracked 
|  74|0x0000000088000000, 0x0000000088000000, 0x0000000088100000|  0%| F|  |TAMS 0x0000000088000000| PB 0x0000000088000000| Untracked 
|  75|0x0000000088100000, 0x0000000088100000, 0x0000000088200000|  0%| F|  |TAMS 0x0000000088100000| PB 0x0000000088100000| Untracked 
|  76|0x0000000088200000, 0x0000000088200000, 0x0000000088300000|  0%| F|  |TAMS 0x0000000088200000| PB 0x0000000088200000| Untracked 
|  77|0x0000000088300000, 0x0000000088300000, 0x0000000088400000|  0%| F|  |TAMS 0x0000000088300000| PB 0x0000000088300000| Untracked 
|  78|0x0000000088400000, 0x0000000088400000, 0x0000000088500000|  0%| F|  |TAMS 0x0000000088400000| PB 0x0000000088400000| Untracked 
|  79|0x0000000088500000, 0x0000000088500000, 0x0000000088600000|  0%| F|  |TAMS 0x0000000088500000| PB 0x0000000088500000| Untracked 
|  80|0x0000000088600000, 0x0000000088600000, 0x0000000088700000|  0%| F|  |TAMS 0x0000000088600000| PB 0x0000000088600000| Untracked 
|  81|0x0000000088700000, 0x0000000088700000, 0x0000000088800000|  0%| F|  |TAMS 0x0000000088700000| PB 0x0000000088700000| Untracked 
|  82|0x0000000088800000, 0x0000000088800000, 0x0000000088900000|  0%| F|  |TAMS 0x0000000088800000| PB 0x0000000088800000| Untracked 
|  83|0x0000000088900000, 0x0000000088900000, 0x0000000088a00000|  0%| F|  |TAMS 0x0000000088900000| PB 0x0000000088900000| Untracked 
|  84|0x0000000088a00000, 0x0000000088a00000, 0x0000000088b00000|  0%| F|  |TAMS 0x0000000088a00000| PB 0x0000000088a00000| Untracked 
|  85|0x0000000088b00000, 0x0000000088b00000, 0x0000000088c00000|  0%| F|  |TAMS 0x0000000088b00000| PB 0x0000000088b00000| Untracked 
|  86|0x0000000088c00000, 0x0000000088c00000, 0x0000000088d00000|  0%| F|  |TAMS 0x0000000088c00000| PB 0x0000000088c00000| Untracked 
|  87|0x0000000088d00000, 0x0000000088d00000, 0x0000000088e00000|  0%| F|  |TAMS 0x0000000088d00000| PB 0x0000000088d00000| Untracked 
|  88|0x0000000088e00000, 0x0000000088e00000, 0x0000000088f00000|  0%| F|  |TAMS 0x0000000088e00000| PB 0x0000000088e00000| Untracked 
|  89|0x0000000088f00000, 0x0000000088fc8d00, 0x0000000089000000| 78%| S|CS|TAMS 0x0000000088f00000| PB 0x0000000088f00000| Complete 
|  90|0x0000000089000000, 0x0000000089100000, 0x0000000089100000|100%| S|CS|TAMS 0x0000000089000000| PB 0x0000000089000000| Complete 
|  91|0x0000000089100000, 0x0000000089200000, 0x0000000089200000|100%| S|CS|TAMS 0x0000000089100000| PB 0x0000000089100000| Complete 
|  92|0x0000000089200000, 0x0000000089200000, 0x0000000089300000|  0%| F|  |TAMS 0x0000000089200000| PB 0x0000000089200000| Untracked 
|  93|0x0000000089300000, 0x0000000089300000, 0x0000000089400000|  0%| F|  |TAMS 0x0000000089300000| PB 0x0000000089300000| Untracked 
|  94|0x0000000089400000, 0x0000000089400000, 0x0000000089500000|  0%| F|  |TAMS 0x0000000089400000| PB 0x0000000089400000| Untracked 
|  95|0x0000000089500000, 0x0000000089500000, 0x0000000089600000|  0%| F|  |TAMS 0x0000000089500000| PB 0x0000000089500000| Untracked 
|  96|0x0000000089600000, 0x0000000089600000, 0x0000000089700000|  0%| F|  |TAMS 0x0000000089600000| PB 0x0000000089600000| Untracked 
|  97|0x0000000089700000, 0x0000000089700000, 0x0000000089800000|  0%| F|  |TAMS 0x0000000089700000| PB 0x0000000089700000| Untracked 
|  98|0x0000000089800000, 0x0000000089800000, 0x0000000089900000|  0%| F|  |TAMS 0x0000000089800000| PB 0x0000000089800000| Untracked 
|  99|0x0000000089900000, 0x0000000089900000, 0x0000000089a00000|  0%| F|  |TAMS 0x0000000089900000| PB 0x0000000089900000| Untracked 
| 100|0x0000000089a00000, 0x0000000089a00000, 0x0000000089b00000|  0%| F|  |TAMS 0x0000000089a00000| PB 0x0000000089a00000| Untracked 
| 101|0x0000000089b00000, 0x0000000089b00000, 0x0000000089c00000|  0%| F|  |TAMS 0x0000000089b00000| PB 0x0000000089b00000| Untracked 
| 102|0x0000000089c00000, 0x0000000089c00000, 0x0000000089d00000|  0%| F|  |TAMS 0x0000000089c00000| PB 0x0000000089c00000| Untracked 
| 103|0x0000000089d00000, 0x0000000089d00000, 0x0000000089e00000|  0%| F|  |TAMS 0x0000000089d00000| PB 0x0000000089d00000| Untracked 
| 104|0x0000000089e00000, 0x0000000089e00000, 0x0000000089f00000|  0%| F|  |TAMS 0x0000000089e00000| PB 0x0000000089e00000| Untracked 
| 105|0x0000000089f00000, 0x0000000089ffa378, 0x000000008a000000| 97%| E|  |TAMS 0x0000000089f00000| PB 0x0000000089f00000| Complete 
| 106|0x000000008a000000, 0x000000008a100000, 0x000000008a100000|100%| E|CS|TAMS 0x000000008a000000| PB 0x000000008a000000| Complete 
| 107|0x000000008a100000, 0x000000008a200000, 0x000000008a200000|100%| E|CS|TAMS 0x000000008a100000| PB 0x000000008a100000| Complete 
| 108|0x000000008a200000, 0x000000008a300000, 0x000000008a300000|100%| E|CS|TAMS 0x000000008a200000| PB 0x000000008a200000| Complete 
| 109|0x000000008a300000, 0x000000008a400000, 0x000000008a400000|100%| E|CS|TAMS 0x000000008a300000| PB 0x000000008a300000| Complete 
| 110|0x000000008a400000, 0x000000008a500000, 0x000000008a500000|100%| E|CS|TAMS 0x000000008a400000| PB 0x000000008a400000| Complete 
| 111|0x000000008a500000, 0x000000008a600000, 0x000000008a600000|100%| E|CS|TAMS 0x000000008a500000| PB 0x000000008a500000| Complete 
| 112|0x000000008a600000, 0x000000008a700000, 0x000000008a700000|100%| E|CS|TAMS 0x000000008a600000| PB 0x000000008a600000| Complete 
| 113|0x000000008a700000, 0x000000008a800000, 0x000000008a800000|100%| E|CS|TAMS 0x000000008a700000| PB 0x000000008a700000| Complete 
| 114|0x000000008a800000, 0x000000008a900000, 0x000000008a900000|100%| E|CS|TAMS 0x000000008a800000| PB 0x000000008a800000| Complete 
| 115|0x000000008a900000, 0x000000008aa00000, 0x000000008aa00000|100%| E|CS|TAMS 0x000000008a900000| PB 0x000000008a900000| Complete 
| 116|0x000000008aa00000, 0x000000008ab00000, 0x000000008ab00000|100%| E|CS|TAMS 0x000000008aa00000| PB 0x000000008aa00000| Complete 
| 117|0x000000008ab00000, 0x000000008ac00000, 0x000000008ac00000|100%| E|CS|TAMS 0x000000008ab00000| PB 0x000000008ab00000| Complete 
| 118|0x000000008ac00000, 0x000000008ad00000, 0x000000008ad00000|100%| E|CS|TAMS 0x000000008ac00000| PB 0x000000008ac00000| Complete 
| 119|0x000000008ad00000, 0x000000008ae00000, 0x000000008ae00000|100%| E|CS|TAMS 0x000000008ad00000| PB 0x000000008ad00000| Complete 
| 120|0x000000008ae00000, 0x000000008af00000, 0x000000008af00000|100%| E|CS|TAMS 0x000000008ae00000| PB 0x000000008ae00000| Complete 
| 121|0x000000008af00000, 0x000000008b000000, 0x000000008b000000|100%| E|CS|TAMS 0x000000008af00000| PB 0x000000008af00000| Complete 
| 122|0x000000008b000000, 0x000000008b100000, 0x000000008b100000|100%| E|CS|TAMS 0x000000008b000000| PB 0x000000008b000000| Complete 
| 123|0x000000008b100000, 0x000000008b200000, 0x000000008b200000|100%| E|CS|TAMS 0x000000008b100000| PB 0x000000008b100000| Complete 
| 124|0x000000008b200000, 0x000000008b300000, 0x000000008b300000|100%| E|CS|TAMS 0x000000008b200000| PB 0x000000008b200000| Complete 
| 125|0x000000008b300000, 0x000000008b400000, 0x000000008b400000|100%| E|CS|TAMS 0x000000008b300000| PB 0x000000008b300000| Complete 

Card table byte_map: [0x000001a77e2f0000,0x000001a77e6e0000] _byte_map_base: 0x000001a77ded5000

Marking Bits: (CMBitMap*) 0x000001a7757c39f0
 Bits: [0x000001a70f000000, 0x000001a710f28000)

Polling page: 0x000001a774f30000

Metaspace:

Usage:
  Non-class:     16.35 MB used.
      Class:      2.24 MB used.
       Both:     18.58 MB used.

Virtual space:
  Non-class space:       64.00 MB reserved,      16.50 MB ( 26%) committed,  1 nodes.
      Class space:        1.00 GB reserved,       2.38 MB ( <1%) committed,  1 nodes.
             Both:        1.06 GB reserved,      18.88 MB (  2%) committed. 

Chunk freelists:
   Non-Class:  14.81 MB
       Class:  13.62 MB
        Both:  28.44 MB

MaxMetaspaceSize: unlimited
CompressedClassSpaceSize: 1.00 GB
Initial GC threshold: 21.00 MB
Current GC threshold: 21.00 MB
CDS: on
 - commit_granule_bytes: 65536.
 - commit_granule_words: 8192.
 - virtual_space_node_default_size: 8388608.
 - enlarge_chunks_in_place: 1.
 - use_allocation_guard: 0.


Internal statistics:

num_allocs_failed_limit: 0.
num_arena_births: 304.
num_arena_deaths: 0.
num_vsnodes_births: 2.
num_vsnodes_deaths: 0.
num_space_committed: 302.
num_space_uncommitted: 0.
num_chunks_returned_to_freelist: 0.
num_chunks_taken_from_freelist: 979.
num_chunk_merges: 0.
num_chunk_splits: 640.
num_chunks_enlarged: 440.
num_inconsistent_stats: 0.

CodeHeap 'non-profiled nmethods': size=120000Kb used=1042Kb max_used=1042Kb free=118957Kb
 bounds [0x000001a707ad0000, 0x000001a707d40000, 0x000001a70f000000]
CodeHeap 'profiled nmethods': size=120000Kb used=5319Kb max_used=5319Kb free=114680Kb
 bounds [0x000001a700000000, 0x000001a700540000, 0x000001a707530000]
CodeHeap 'non-nmethods': size=5760Kb used=1580Kb max_used=1627Kb free=4179Kb
 bounds [0x000001a707530000, 0x000001a7077a0000, 0x000001a707ad0000]
 total_blobs=3183 nmethods=2666 adapters=420
 compilation: enabled
              stopped_count=0, restarted_count=0
 full_count=0

Compilation events (20 events):
Event: 1.220 Thread 0x000001a77f11bda0 2625       3       java.lang.reflect.Constructor::copy (72 bytes)
Event: 1.220 Thread 0x000001a77f11bda0 nmethod 2625 0x000001a70051fc90 code [0x000001a70051fe60, 0x000001a700520210]
Event: 1.221 Thread 0x000001a77f11bda0 2627       3       java.util.concurrent.CopyOnWriteArrayList::<init> (24 bytes)
Event: 1.221 Thread 0x000001a77f11bda0 nmethod 2627 0x000001a700520310 code [0x000001a7005204c0, 0x000001a700520850]
Event: 1.221 Thread 0x000001a77f11bda0 2628       3       java.util.ArrayList::addAll (76 bytes)
Event: 1.221 Thread 0x000001a77f11bda0 nmethod 2628 0x000001a700520990 code [0x000001a700520b80, 0x000001a700521020]
Event: 1.221 Thread 0x000001a77f11bda0 2622       3       org.springframework.boot.autoconfigure.condition.ConditionMessage::andCondition (21 bytes)
Event: 1.222 Thread 0x000001a77f119b90 nmethod 2589 0x000001a707bcf890 code [0x000001a707bcfa80, 0x000001a707bcffe0]
Event: 1.222 Thread 0x000001a77f119b90 2582       4       java.lang.invoke.Invokers$Holder::linkToTargetMethod (9 bytes)
Event: 1.222 Thread 0x000001a77f11bda0 nmethod 2622 0x000001a700521190 code [0x000001a700521500, 0x000001a7005226b0]
Event: 1.222 Thread 0x000001a77f119b90 nmethod 2582 0x000001a707bd0490 code [0x000001a707bd0620, 0x000001a707bd0718]
Event: 1.222 Thread 0x000001a77f119b90 2626       4       java.lang.invoke.DirectMethodHandle$Holder::newInvokeSpecial (21 bytes)
Event: 1.222 Thread 0x000001a77f11bda0 2629       3       org.springframework.core.annotation.MergedAnnotationPredicates$UniquePredicate::test (9 bytes)
Event: 1.222 Thread 0x000001a77f11bda0 nmethod 2629 0x000001a700522d90 code [0x000001a700522f60, 0x000001a700523390]
Event: 1.222 Thread 0x000001a77f11bda0 2630       3       org.springframework.core.annotation.MergedAnnotationPredicates$UniquePredicate::test (22 bytes)
Event: 1.223 Thread 0x000001a77f11bda0 nmethod 2630 0x000001a700523510 code [0x000001a7005236e0, 0x000001a700523998]
Event: 1.223 Thread 0x000001a77f119b90 nmethod 2626 0x000001a707bd0810 code [0x000001a707bd09c0, 0x000001a707bd0bf8]
Event: 1.224 Thread 0x000001a77f119b90 2586       4       java.util.ArrayList$Itr::next (66 bytes)
Event: 1.224 Thread 0x000001a77f11bda0 2631       3       org.springframework.beans.factory.support.AbstractBeanDefinition::isLazyInit (23 bytes)
Event: 1.224 Thread 0x000001a77f11bda0 nmethod 2631 0x000001a700523a90 code [0x000001a700523c40, 0x000001a700523e00]

GC Heap History (4 events):
Event: 0.586 GC heap before
{Heap before GC invocations=0 (full 0):
 garbage-first heap   total 129024K, used 22528K [0x0000000083600000, 0x0000000100000000)
  region size 1024K, 23 young (23552K), 0 survivors (0K)
 Metaspace       used 7287K, committed 7552K, reserved 1114112K
  class space    used 869K, committed 960K, reserved 1048576K
}
Event: 0.591 GC heap after
{Heap after GC invocations=1 (full 0):
 garbage-first heap   total 129024K, used 5077K [0x0000000083600000, 0x0000000100000000)
  region size 1024K, 3 young (3072K), 3 survivors (3072K)
 Metaspace       used 7287K, committed 7552K, reserved 1114112K
  class space    used 869K, committed 960K, reserved 1048576K
}
Event: 0.899 GC heap before
{Heap before GC invocations=1 (full 0):
 garbage-first heap   total 129024K, used 35797K [0x0000000083600000, 0x0000000100000000)
  region size 1024K, 34 young (34816K), 3 survivors (3072K)
 Metaspace       used 15886K, committed 16128K, reserved 1114112K
  class space    used 1930K, committed 2048K, reserved 1048576K
}
Event: 0.904 GC heap after
{Heap after GC invocations=2 (full 0):
 garbage-first heap   total 129024K, used 7911K [0x0000000083600000, 0x0000000100000000)
  region size 1024K, 3 young (3072K), 3 survivors (3072K)
 Metaspace       used 15886K, committed 16128K, reserved 1114112K
  class space    used 1930K, committed 2048K, reserved 1048576K
}

Dll operation events (11 events):
Event: 0.008 Loaded shared library C:\Users\sonya\.jdks\openjdk-21.0.2\bin\java.dll
Event: 0.041 Loaded shared library C:\Users\sonya\.jdks\openjdk-21.0.2\bin\jsvml.dll
Event: 0.090 Loaded shared library C:\Users\sonya\.jdks\openjdk-21.0.2\bin\zip.dll
Event: 0.094 Loaded shared library C:\Users\sonya\.jdks\openjdk-21.0.2\bin\instrument.dll
Event: 0.098 Loaded shared library C:\Users\sonya\.jdks\openjdk-21.0.2\bin\net.dll
Event: 0.100 Loaded shared library C:\Users\sonya\.jdks\openjdk-21.0.2\bin\nio.dll
Event: 0.102 Loaded shared library C:\Users\sonya\.jdks\openjdk-21.0.2\bin\zip.dll
Event: 0.146 Loaded shared library C:\Program Files\JetBrains\IntelliJ IDEA Community Edition 2023.3.4\bin\breakgen64.dll
Event: 0.154 Loaded shared library C:\Users\sonya\.jdks\openjdk-21.0.2\bin\extnet.dll
Event: 0.179 Loaded shared library C:\Users\sonya\.jdks\openjdk-21.0.2\bin\jimage.dll
Event: 0.941 Loaded shared library C:\Users\sonya\.jdks\openjdk-21.0.2\bin\sunmscapi.dll

Deoptimization events (20 events):
Event: 1.157 Thread 0x000001a77576cff0 Uncommon trap: trap_request=0xffffffde fr.pc=0x000001a707aded48 relative=0x00000000000001a8
Event: 1.157 Thread 0x000001a77576cff0 Uncommon trap: reason=class_check action=maybe_recompile pc=0x000001a707aded48 method=java.lang.String.equals(Ljava/lang/Object;)Z @ 8 c2
Event: 1.157 Thread 0x000001a77576cff0 DEOPT PACKING pc=0x000001a707aded48 sp=0x0000005c02efe8f0
Event: 1.157 Thread 0x000001a77576cff0 DEOPT UNPACKING pc=0x000001a707587da2 sp=0x0000005c02efe878 mode 2
Event: 1.158 Thread 0x000001a77576cff0 Uncommon trap: trap_request=0xffffffde fr.pc=0x000001a707aded48 relative=0x00000000000001a8
Event: 1.158 Thread 0x000001a77576cff0 Uncommon trap: reason=class_check action=maybe_recompile pc=0x000001a707aded48 method=java.lang.String.equals(Ljava/lang/Object;)Z @ 8 c2
Event: 1.158 Thread 0x000001a77576cff0 DEOPT PACKING pc=0x000001a707aded48 sp=0x0000005c02efe590
Event: 1.158 Thread 0x000001a77576cff0 DEOPT UNPACKING pc=0x000001a707587da2 sp=0x0000005c02efe518 mode 2
Event: 1.166 Thread 0x000001a77576cff0 DEOPT PACKING pc=0x000001a700378a03 sp=0x0000005c02efd200
Event: 1.166 Thread 0x000001a77576cff0 DEOPT UNPACKING pc=0x000001a7075888e2 sp=0x0000005c02efc708 mode 0
Event: 1.174 Thread 0x000001a77576cff0 DEOPT PACKING pc=0x000001a70034fb5f sp=0x0000005c02efd440
Event: 1.174 Thread 0x000001a77576cff0 DEOPT UNPACKING pc=0x000001a7075888e2 sp=0x0000005c02efc918 mode 0
Event: 1.176 Thread 0x000001a77576cff0 Uncommon trap: trap_request=0xffffffde fr.pc=0x000001a707bb0da0 relative=0x0000000000001ca0
Event: 1.176 Thread 0x000001a77576cff0 Uncommon trap: reason=class_check action=maybe_recompile pc=0x000001a707bb0da0 method=java.util.HashMap.putVal(ILjava/lang/Object;Ljava/lang/Object;ZZ)Ljava/lang/Object; @ 203 c2
Event: 1.176 Thread 0x000001a77576cff0 DEOPT PACKING pc=0x000001a707bb0da0 sp=0x0000005c02efe8a0
Event: 1.176 Thread 0x000001a77576cff0 DEOPT UNPACKING pc=0x000001a707587da2 sp=0x0000005c02efe768 mode 2
Event: 1.186 Thread 0x000001a77576cff0 Uncommon trap: trap_request=0xffffffde fr.pc=0x000001a707bb0da0 relative=0x0000000000001ca0
Event: 1.186 Thread 0x000001a77576cff0 Uncommon trap: reason=class_check action=maybe_recompile pc=0x000001a707bb0da0 method=java.util.HashMap.putVal(ILjava/lang/Object;Ljava/lang/Object;ZZ)Ljava/lang/Object; @ 203 c2
Event: 1.186 Thread 0x000001a77576cff0 DEOPT PACKING pc=0x000001a707bb0da0 sp=0x0000005c02efe820
Event: 1.186 Thread 0x000001a77576cff0 DEOPT UNPACKING pc=0x000001a707587da2 sp=0x0000005c02efe6e8 mode 2

Classes loaded (20 events):
Event: 1.044 Loading class jdk/internal/vm/VMSupport
Event: 1.045 Loading class jdk/internal/vm/VMSupport done
Event: 1.045 Loading class sun/nio/cs/ISO_8859_1$Encoder
Event: 1.045 Loading class sun/nio/cs/ISO_8859_1$Encoder done
Event: 1.045 Loading class sun/nio/cs/Surrogate$Parser
Event: 1.045 Loading class sun/nio/cs/Surrogate$Parser done
Event: 1.045 Loading class sun/nio/cs/Surrogate
Event: 1.045 Loading class sun/nio/cs/Surrogate done
Event: 1.048 Loading class java/beans/Introspector
Event: 1.048 Loading class java/beans/Introspector done
Event: 1.048 Loading class java/beans/EventSetDescriptor
Event: 1.048 Loading class java/beans/EventSetDescriptor done
Event: 1.048 Loading class java/beans/Introspector$1
Event: 1.048 Loading class jdk/internal/access/JavaBeansAccess
Event: 1.049 Loading class jdk/internal/access/JavaBeansAccess done
Event: 1.049 Loading class java/beans/Introspector$1 done
Event: 1.051 Loading class sun/reflect/generics/tree/VoidDescriptor
Event: 1.051 Loading class sun/reflect/generics/tree/VoidDescriptor done
Event: 1.051 Loading class java/util/AbstractList$ListItr
Event: 1.051 Loading class java/util/AbstractList$ListItr done

Classes unloaded (0 events):
No events

Classes redefined (0 events):
No events

Internal exceptions (20 events):
Event: 0.623 Thread 0x000001a77576cff0 Exception <a 'java/lang/NoSuchMethodError'{0x000000008b27f120}: 'void java.lang.invoke.DirectMethodHandle$Holder.invokeVirtual(java.lang.Object, java.lang.Object, java.lang.Object, java.lang.Object)'> (0x000000008b27f120) 
thrown [s\open\src\hotspot\share\interpreter\linkResolver.cpp, line 773]
Event: 0.647 Thread 0x000001a77576cff0 Exception <a 'java/lang/NoSuchMethodError'{0x000000008b1a9ca8}: 'void java.lang.invoke.DirectMethodHandle$Holder.invokeSpecial(java.lang.Object, java.lang.Object, java.lang.Object)'> (0x000000008b1a9ca8) 
thrown [s\open\src\hotspot\share\interpreter\linkResolver.cpp, line 773]
Event: 0.652 Thread 0x000001a77576cff0 Exception <a 'java/lang/IncompatibleClassChangeError'{0x000000008b1fba00}: Found class java.lang.Object, but interface was expected> (0x000000008b1fba00) 
thrown [s\open\src\hotspot\share\interpreter\linkResolver.cpp, line 840]
Event: 0.652 Thread 0x000001a758fc5e90 Exception <a 'java/lang/NoClassDefFoundError'{0x000000008b1dc4e0}: jakarta/validation/Validation> (0x000000008b1dc4e0) 
thrown [s\open\src\hotspot\share\classfile\systemDictionary.cpp, line 301]
Event: 0.655 Thread 0x000001a77576cff0 Exception <a 'java/lang/NoSuchMethodError'{0x000000008b0116c0}: 'java.lang.Object java.lang.invoke.DirectMethodHandle$Holder.invokeStaticInit(java.lang.Object, int)'> (0x000000008b0116c0) 
thrown [s\open\src\hotspot\share\interpreter\linkResolver.cpp, line 773]
Event: 0.656 Thread 0x000001a77576cff0 Exception <a 'java/lang/NoSuchMethodError'{0x000000008b01b938}: 'java.lang.Object java.lang.invoke.DirectMethodHandle$Holder.invokeStatic(java.lang.Object, int, java.lang.Object)'> (0x000000008b01b938) 
thrown [s\open\src\hotspot\share\interpreter\linkResolver.cpp, line 773]
Event: 0.657 Thread 0x000001a77576cff0 Exception <a 'java/lang/NoSuchMethodError'{0x000000008b01ef88}: 'java.lang.Object java.lang.invoke.DirectMethodHandle$Holder.invokeStaticInit(java.lang.Object, int, java.lang.Object)'> (0x000000008b01ef88) 
thrown [s\open\src\hotspot\share\interpreter\linkResolver.cpp, line 773]
Event: 0.840 Thread 0x000001a77576cff0 Exception <a 'java/lang/NoSuchMethodError'{0x00000000897ee3b0}: 'java.lang.Object java.lang.invoke.DirectMethodHandle$Holder.invokeVirtual(java.lang.Object, java.lang.Object, java.lang.Object)'> (0x00000000897ee3b0) 
thrown [s\open\src\hotspot\share\interpreter\linkResolver.cpp, line 773]
Event: 0.843 Thread 0x000001a77576cff0 Exception <a 'java/lang/NoSuchMethodError'{0x0000000089657df8}: 'int java.lang.invoke.DirectMethodHandle$Holder.invokeSpecial(java.lang.Object, java.lang.Object, java.lang.Object, java.lang.Object, java.lang.Object)'> (0x0000000089657df8) 
thrown [s\open\src\hotspot\share\interpreter\linkResolver.cpp, line 773]
Event: 0.844 Thread 0x000001a77576cff0 Exception <a 'java/lang/NoSuchMethodError'{0x000000008965ff28}: 'void java.lang.invoke.DirectMethodHandle$Holder.invokeVirtual(java.lang.Object, java.lang.Object)'> (0x000000008965ff28) 
thrown [s\open\src\hotspot\share\interpreter\linkResolver.cpp, line 773]
Event: 0.847 Thread 0x000001a758fc5e90 Exception <a 'java/lang/NoSuchMethodError'{0x00000000896e9e60}: 'long java.lang.invoke.DirectMethodHandle$Holder.invokeSpecial(java.lang.Object, java.lang.Object)'> (0x00000000896e9e60) 
thrown [s\open\src\hotspot\share\interpreter\linkResolver.cpp, line 773]
Event: 0.848 Thread 0x000001a758fc5e90 Exception <a 'java/lang/NoSuchMethodError'{0x00000000896f39f0}: 'long java.lang.invoke.DirectMethodHandle$Holder.invokeStatic(java.lang.Object, java.lang.Object)'> (0x00000000896f39f0) 
thrown [s\open\src\hotspot\share\interpreter\linkResolver.cpp, line 773]
Event: 0.848 Thread 0x000001a758fc5e90 Exception <a 'java/lang/NoSuchMethodError'{0x00000000896f6d58}: 'long java.lang.invoke.DirectMethodHandle$Holder.invokeStaticInit(java.lang.Object, java.lang.Object)'> (0x00000000896f6d58) 
thrown [s\open\src\hotspot\share\interpreter\linkResolver.cpp, line 773]
Event: 0.849 Thread 0x000001a758fc5e90 Exception <a 'java/lang/NoSuchMethodError'{0x0000000089503350}: 'long java.lang.invoke.DirectMethodHandle$Holder.invokeInterface(java.lang.Object, java.lang.Object)'> (0x0000000089503350) 
thrown [s\open\src\hotspot\share\interpreter\linkResolver.cpp, line 773]
Event: 0.849 Thread 0x000001a758fc5e90 Exception <a 'java/lang/IncompatibleClassChangeError'{0x0000000089506600}: Found class java.lang.Object, but interface was expected> (0x0000000089506600) 
thrown [s\open\src\hotspot\share\interpreter\linkResolver.cpp, line 840]
Event: 0.859 Thread 0x000001a758fc5e90 Exception <a 'java/lang/NoSuchMethodError'{0x00000000895ed548}: 'java.lang.Object java.lang.invoke.DirectMethodHandle$Holder.invokeVirtual(java.lang.Object, java.lang.Object, java.lang.Object, java.lang.Object)'> (0x00000000895ed548) 
thrown [s\open\src\hotspot\share\interpreter\linkResolver.cpp, line 773]
Event: 0.945 Thread 0x000001a77576cff0 Exception <a 'java/lang/IncompatibleClassChangeError'{0x000000008af39fc0}: Found class java.lang.Object, but interface was expected> (0x000000008af39fc0) 
thrown [s\open\src\hotspot\share\interpreter\linkResolver.cpp, line 840]
Event: 1.040 Thread 0x000001a77576cff0 Exception <a 'java/lang/NoSuchMethodError'{0x000000008abfb388}: 'java.lang.reflect.Field[] java.lang.Class.getDeclaredFields(java.lang.Class)'> (0x000000008abfb388) 
thrown [s\open\src\hotspot\share\interpreter\linkResolver.cpp, line 773]
Event: 1.042 Thread 0x000001a77576cff0 Exception <a 'java/lang/NoSuchMethodError'{0x000000008aa003c0}: 'java.lang.Object java.lang.invoke.DirectMethodHandle$Holder.invokeStatic(java.lang.Object, java.lang.Object, int)'> (0x000000008aa003c0) 
thrown [s\open\src\hotspot\share\interpreter\linkResolver.cpp, line 773]
Event: 1.043 Thread 0x000001a77576cff0 Exception <a 'java/lang/NoSuchMethodError'{0x000000008aa0b7b8}: 'void java.lang.invoke.DelegatingMethodHandle$Holder.delegate(java.lang.Object, java.lang.Object, int, java.lang.Object)'> (0x000000008aa0b7b8) 
thrown [s\open\src\hotspot\share\interpreter\linkResolver.cpp, line 773]

ZGC Phase Switch (0 events):
No events

VM Operations (20 events):
Event: 0.646 Executing VM operation: HandshakeAllThreads (Deoptimize)
Event: 0.646 Executing VM operation: HandshakeAllThreads (Deoptimize) done
Event: 0.742 Executing VM operation: HandshakeAllThreads (Deoptimize)
Event: 0.742 Executing VM operation: HandshakeAllThreads (Deoptimize) done
Event: 0.786 Executing VM operation: HandshakeAllThreads (Deoptimize)
Event: 0.786 Executing VM operation: HandshakeAllThreads (Deoptimize) done
Event: 0.829 Executing VM operation: HandshakeAllThreads (Deoptimize)
Event: 0.829 Executing VM operation: HandshakeAllThreads (Deoptimize) done
Event: 0.887 Executing VM operation: ICBufferFull
Event: 0.887 Executing VM operation: ICBufferFull done
Event: 0.898 Executing VM operation: HandshakeAllThreads (Deoptimize)
Event: 0.898 Executing VM operation: HandshakeAllThreads (Deoptimize) done
Event: 0.899 Executing VM operation: G1CollectForAllocation (G1 Evacuation Pause)
Event: 0.904 Executing VM operation: G1CollectForAllocation (G1 Evacuation Pause) done
Event: 0.946 Executing VM operation: HandshakeAllThreads (Deoptimize)
Event: 0.946 Executing VM operation: HandshakeAllThreads (Deoptimize) done
Event: 1.041 Executing VM operation: HandshakeAllThreads (Deoptimize)
Event: 1.041 Executing VM operation: HandshakeAllThreads (Deoptimize) done
Event: 1.146 Executing VM operation: ICBufferFull
Event: 1.146 Executing VM operation: ICBufferFull done

Events (17 events):
Event: 0.022 Thread 0x000001a77576cff0 Thread added: 0x000001a77576cff0
Event: 0.038 Thread 0x000001a77f103eb0 Thread added: 0x000001a77f103eb0
Event: 0.038 Thread 0x000001a77f104ec0 Thread added: 0x000001a77f104ec0
Event: 0.038 Thread 0x000001a77f108380 Thread added: 0x000001a77f108380
Event: 0.038 Thread 0x000001a77f109560 Thread added: 0x000001a77f109560
Event: 0.038 Thread 0x000001a77f10dce0 Thread added: 0x000001a77f10dce0
Event: 0.038 Thread 0x000001a77f110580 Thread added: 0x000001a77f110580
Event: 0.038 Thread 0x000001a77f115560 Thread added: 0x000001a77f115560
Event: 0.039 Thread 0x000001a77f11bda0 Thread added: 0x000001a77f11bda0
Event: 0.071 Thread 0x000001a7581f3ce0 Thread added: 0x000001a7581f3ce0
Event: 0.089 Thread 0x000001a77f119b90 Thread added: 0x000001a77f119b90
Event: 0.147 Thread 0x000001a758472b80 Thread added: 0x000001a758472b80
Event: 0.147 Thread 0x000001a7584731f0 Thread added: 0x000001a7584731f0
Event: 0.650 Thread 0x000001a758fc5e90 Thread added: 0x000001a758fc5e90
Event: 0.912 Thread 0x000001a758f911e0 Thread added: 0x000001a758f911e0
Event: 0.925 Thread 0x000001a758f911e0 Thread exited: 0x000001a758f911e0
Event: 0.963 Thread 0x000001a758fc5e90 Thread exited: 0x000001a758fc5e90


Dynamic libraries:
0x00007ff624820000 - 0x00007ff62482e000 	C:\Users\sonya\.jdks\openjdk-21.0.2\bin\java.exe
0x00007ffeb7670000 - 0x00007ffeb7886000 	C:\Windows\SYSTEM32\ntdll.dll
0x00007ffeb6f40000 - 0x00007ffeb7004000 	C:\Windows\System32\KERNEL32.DLL
0x00007ffeb4fa0000 - 0x00007ffeb5346000 	C:\Windows\System32\KERNELBASE.dll
0x00007ffeb4c70000 - 0x00007ffeb4d81000 	C:\Windows\System32\ucrtbase.dll
0x00007ffea6470000 - 0x00007ffea6488000 	C:\Users\sonya\.jdks\openjdk-21.0.2\bin\jli.dll
0x00007ffeb7350000 - 0x00007ffeb74fd000 	C:\Windows\System32\USER32.dll
0x00007ffeb4af0000 - 0x00007ffeb4b16000 	C:\Windows\System32\win32u.dll
0x00007ffeb6960000 - 0x00007ffeb6989000 	C:\Windows\System32\GDI32.dll
0x00007ffeb4b20000 - 0x00007ffeb4c38000 	C:\Windows\System32\gdi32full.dll
0x00007ffeb4d90000 - 0x00007ffeb4e2a000 	C:\Windows\System32\msvcp_win.dll
0x00007ffe9fef0000 - 0x00007ffe9ff0b000 	C:\Users\sonya\.jdks\openjdk-21.0.2\bin\VCRUNTIME140.dll
0x00007ffea01a0000 - 0x00007ffea0433000 	C:\Windows\WinSxS\amd64_microsoft.windows.common-controls_6595b64144ccf1df_6.0.22621.3235_none_270f74e173860f98\COMCTL32.dll
0x00007ffeb7050000 - 0x00007ffeb70f7000 	C:\Windows\System32\msvcrt.dll
0x00007ffeb7010000 - 0x00007ffeb7041000 	C:\Windows\System32\IMM32.DLL
0x00007ffeaf950000 - 0x00007ffeaf95c000 	C:\Users\sonya\.jdks\openjdk-21.0.2\bin\vcruntime140_1.dll
0x00007ffe9b0f0000 - 0x00007ffe9b17e000 	C:\Users\sonya\.jdks\openjdk-21.0.2\bin\msvcp140.dll
0x00007ffe2d8c0000 - 0x00007ffe2e5d7000 	C:\Users\sonya\.jdks\openjdk-21.0.2\bin\server\jvm.dll
0x00007ffeb5ce0000 - 0x00007ffeb5d92000 	C:\Windows\System32\ADVAPI32.dll
0x00007ffeb72a0000 - 0x00007ffeb7348000 	C:\Windows\System32\sechost.dll
0x00007ffeb4c40000 - 0x00007ffeb4c68000 	C:\Windows\System32\bcrypt.dll
0x00007ffeb6990000 - 0x00007ffeb6aa5000 	C:\Windows\System32\RPCRT4.dll
0x00007ffeb5f70000 - 0x00007ffeb5fe1000 	C:\Windows\System32\WS2_32.dll
0x00007ffeb3810000 - 0x00007ffeb385d000 	C:\Windows\SYSTEM32\POWRPROF.dll
0x00007ffeb2540000 - 0x00007ffeb2574000 	C:\Windows\SYSTEM32\WINMM.dll
0x00007ffeabf90000 - 0x00007ffeabf9a000 	C:\Windows\SYSTEM32\VERSION.dll
0x00007ffeb37f0000 - 0x00007ffeb3803000 	C:\Windows\SYSTEM32\UMPDC.dll
0x00007ffeb3ab0000 - 0x00007ffeb3ac8000 	C:\Windows\SYSTEM32\kernel.appcore.dll
0x00007ffeac650000 - 0x00007ffeac65a000 	C:\Users\sonya\.jdks\openjdk-21.0.2\bin\jimage.dll
0x00007ffeb1f40000 - 0x00007ffeb2173000 	C:\Windows\SYSTEM32\DBGHELP.DLL
0x00007ffeb6ab0000 - 0x00007ffeb6e38000 	C:\Windows\System32\combase.dll
0x00007ffeb5a70000 - 0x00007ffeb5b47000 	C:\Windows\System32\OLEAUT32.dll
0x00007ffe8c120000 - 0x00007ffe8c152000 	C:\Windows\SYSTEM32\dbgcore.DLL
0x00007ffeb4a70000 - 0x00007ffeb4aea000 	C:\Windows\System32\bcryptPrimitives.dll
0x00007ffeac660000 - 0x00007ffeac66f000 	C:\Users\sonya\.jdks\openjdk-21.0.2\bin\instrument.dll
0x00007ffe9fa10000 - 0x00007ffe9fa2f000 	C:\Users\sonya\.jdks\openjdk-21.0.2\bin\java.dll
0x00007ffeb5ff0000 - 0x00007ffeb684d000 	C:\Windows\System32\SHELL32.dll
0x00007ffeb28c0000 - 0x00007ffeb31b8000 	C:\Windows\SYSTEM32\windows.storage.dll
0x00007ffeb2780000 - 0x00007ffeb28be000 	C:\Windows\SYSTEM32\wintypes.dll
0x00007ffeb6e40000 - 0x00007ffeb6f33000 	C:\Windows\System32\SHCORE.dll
0x00007ffeb7500000 - 0x00007ffeb755e000 	C:\Windows\System32\shlwapi.dll
0x00007ffeb48e0000 - 0x00007ffeb4906000 	C:\Windows\SYSTEM32\profapi.dll
0x00007ffe698c0000 - 0x00007ffe69997000 	C:\Users\sonya\.jdks\openjdk-21.0.2\bin\jsvml.dll
0x00007ffe9efb0000 - 0x00007ffe9efc8000 	C:\Users\sonya\.jdks\openjdk-21.0.2\bin\zip.dll
0x00007ffea8520000 - 0x00007ffea8530000 	C:\Users\sonya\.jdks\openjdk-21.0.2\bin\net.dll
0x00007ffeae520000 - 0x00007ffeae657000 	C:\Windows\SYSTEM32\WINHTTP.dll
0x00007ffeb3f60000 - 0x00007ffeb3fc9000 	C:\Windows\system32\mswsock.dll
0x00007ffe9efd0000 - 0x00007ffe9efe6000 	C:\Users\sonya\.jdks\openjdk-21.0.2\bin\nio.dll
0x00007ffe9df50000 - 0x00007ffe9df6a000 	C:\Program Files\JetBrains\IntelliJ IDEA Community Edition 2023.3.4\bin\breakgen64.dll
0x00007ffea64a0000 - 0x00007ffea64a9000 	C:\Users\sonya\.jdks\openjdk-21.0.2\bin\extnet.dll
0x00007ffe9fa00000 - 0x00007ffe9fa0e000 	C:\Users\sonya\.jdks\openjdk-21.0.2\bin\sunmscapi.dll
0x00007ffeb4e30000 - 0x00007ffeb4f96000 	C:\Windows\System32\CRYPT32.dll
0x00007ffeb4370000 - 0x00007ffeb439e000 	C:\Windows\SYSTEM32\ncrypt.dll
0x00007ffeb4330000 - 0x00007ffeb4367000 	C:\Windows\SYSTEM32\NTASN1.dll

dbghelp: loaded successfully - version: 4.0.5 - missing functions: none
symbol engine: initialized successfully - sym options: 0x614 - pdb path: .;C:\Users\sonya\.jdks\openjdk-21.0.2\bin;C:\Windows\SYSTEM32;C:\Windows\WinSxS\amd64_microsoft.windows.common-controls_6595b64144ccf1df_6.0.22621.3235_none_270f74e173860f98;C:\Users\sonya\.jdks\openjdk-21.0.2\bin\server;C:\Program Files\JetBrains\IntelliJ IDEA Community Edition 2023.3.4\bin

VM Arguments:
jvm_args: -javaagent:C:\Program Files\JetBrains\IntelliJ IDEA Community Edition 2023.3.4\lib\idea_rt.jar=9394:C:\Program Files\JetBrains\IntelliJ IDEA Community Edition 2023.3.4\bin -Dfile.encoding=UTF-8 -Dsun.stdout.encoding=UTF-8 -Dsun.stderr.encoding=UTF-8 
java_command: com.example.uniproject.UniprojectApplication
java_class_path (initial): D:\study\diplom\uniproject\target\classes;C:\Users\sonya\.m2\repository\org\springframework\boot\spring-boot-starter-freemarker\3.2.3\spring-boot-starter-freemarker-3.2.3.jar;C:\Users\sonya\.m2\repository\org\springframework\boot\spring-boot-starter\3.2.3\spring-boot-starter-3.2.3.jar;C:\Users\sonya\.m2\repository\org\springframework\boot\spring-boot\3.2.3\spring-boot-3.2.3.jar;C:\Users\sonya\.m2\repository\org\springframework\boot\spring-boot-autoconfigure\3.2.3\spring-boot-autoconfigure-3.2.3.jar;C:\Users\sonya\.m2\repository\org\springframework\boot\spring-boot-starter-logging\3.2.3\spring-boot-starter-logging-3.2.3.jar;C:\Users\sonya\.m2\repository\ch\qos\logback\logback-classic\1.4.14\logback-classic-1.4.14.jar;C:\Users\sonya\.m2\repository\ch\qos\logback\logback-core\1.4.14\logback-core-1.4.14.jar;C:\Users\sonya\.m2\repository\org\apache\logging\log4j\log4j-to-slf4j\2.21.1\log4j-to-slf4j-2.21.1.jar;C:\Users\sonya\.m2\repository\org\apache\logging\log4j\log4j-api\2.21.1\log4j-api-2.21.1.jar;C:\Users\sonya\.m2\repository\org\slf4j\jul-to-slf4j\2.0.12\jul-to-slf4j-2.0.12.jar;C:\Users\sonya\.m2\repository\jakarta\annotation\jakarta.annotation-api\2.1.1\jakarta.annotation-api-2.1.1.jar;C:\Users\sonya\.m2\repository\org\yaml\snakeyaml\2.2\snakeyaml-2.2.jar;C:\Users\sonya\.m2\repository\org\freemarker\freemarker\2.3.32\freemarker-2.3.32.jar;C:\Users\sonya\.m2\repository\org\springframework\spring-context-support\6.1.4\spring-context-support-6.1.4.jar;C:\Users\sonya\.m2\repository\org\springframework\spring-beans\6.1.4\spring-beans-6.1.4.jar;C:\Users\sonya\.m2\repository\org\springframework\spring-context\6.1.4\spring-context-6.1.4.jar;C:\Users\sonya\.m2\repository\org\springframework\boot\spring-boot-starter-mail\3.2.3\spring-boot-starter-mail-3.2.3.jar;C:\Users\sonya\.m2\repository\org\eclipse\angus\jakarta.mail\2.0.2\jakarta.mail-2.0.2.jar;C:\Users\sonya\.m2\repository\jakarta\activation\jakarta.activation-api\2.1.2\jakarta.activation-api-2.1.2.jar;C:\Users\sonya\.m2\repository\org\eclipse\angus\angus-activation\2.0.1\angus-activation-2.0.1.jar;C:\Users\sonya\.m2\repository\org\springframework\boot\spring-boot-starter-web\3.2.3\spring-boot-starter-web-3.2.3.jar;C:\Users\sonya\.m2\repository\org\springframework\boot\spring-boot-starter-json\3.2.3\spring-boot-starter-json-3.2.3.jar;C:\Users\sonya\.m2\repository\com\fasterxml\jackson\core\jackson-databind\2.15.4\jackson-databind-2.15.4.jar;C:\Users\sonya\.m2\repository\com\fasterxml\jackson\core\jackson-annotations\2.15.4\jackson-annotations-2.15.4.jar;C:\Users\sonya\.m2\repository\com\fasterxml\jackson\core\jackson-core\2.15.4\jackson-core-2.15.4.jar;C:\Users\sonya\.m2\repository\com\fasterxml\jackson\datatype\jackson-datatype-jdk8\2.15.4\jackson-datatype-jdk8-2.15.4.jar;C:\Users\sonya\.m2\repository\com\fasterxml\jackson\datatype\jackson-datatype-jsr310\2.15.4\jackson-datatype-jsr310-2.15.4.jar;C:\Users\sonya\.m2\repository\com\fasterxml\jackson\module\jackson-module-parameter-names\2.15.4\jackson-module-parameter-names-2.15.4.jar;C:\Users\sonya\.m2\repository\org\springframework\boot\spring-boot-starter-tomcat\3.2.3\spring-boot-starter-tomcat-3.2.3.jar;C:\Users\sonya\.m2\repository\org\apache\tomcat\embed\tomcat-embed-core\10.1.19\tomcat-embed-core-10.1.19.jar;C:\Users\sonya\.m2\repository\org\apache\tomcat\embed\tomcat-embed-el\10.1.19\tomcat-embed-el-10.1.19.jar;C:\Users\sonya\.m2\repository\org\apache\tomcat\embed\tomcat-embed-websocket\10.1.19\tomcat-embed-websocket-10.1.19.jar;C:\Users\sonya\.m2\repository\org\springframework\spring-web\6.1.4\spring-web-6.1.4.jar;C:\Users\sonya\.m2\repository\io\micrometer\micrometer-observation\1.12.3\micrometer-observation-1.12.3.jar;C:\Users\sonya\.m2\repository\io\micrometer\micrometer-commons\1.12.3\micrometer-commons-1.12.3.jar;C:\Users\sonya\.m2\repository\org\springframework\spring-webmvc\6.1.4\spring-webmvc-6.1.4.jar;C:\Users\sonya\.m2\repository\org\springframework\spring-aop\6.1.4\spring-aop-6.1.4.jar;C:\Users\sonya\.m2\repository\org\springframework\spring-expression\6.1.4\spring-expression-6.1.4.jar;C:\Users\sonya\.m2\repository\org\slf4j\slf4j-api\2.0.12\slf4j-api-2.0.12.jar;C:\Users\sonya\.m2\repository\org\springframework\spring-core\6.1.4\spring-core-6.1.4.jar;C:\Users\sonya\.m2\repository\org\springframework\spring-jcl\6.1.4\spring-jcl-6.1.4.jar
Launcher Type: SUN_STANDARD

[Global flags]
     intx CICompilerCount                          = 4                                         {product} {ergonomic}
     uint ConcGCThreads                            = 2                                         {product} {ergonomic}
     uint G1ConcRefinementThreads                  = 8                                         {product} {ergonomic}
   size_t G1HeapRegionSize                         = 1048576                                   {product} {ergonomic}
    uintx GCDrainStackTargetSize                   = 64                                        {product} {ergonomic}
   size_t InitialHeapSize                          = 132120576                                 {product} {ergonomic}
   size_t MarkStackSize                            = 4194304                                   {product} {ergonomic}
   size_t MaxHeapSize                              = 2090860544                                {product} {ergonomic}
   size_t MaxNewSize                               = 1254096896                                {product} {ergonomic}
   size_t MinHeapDeltaBytes                        = 1048576                                   {product} {ergonomic}
   size_t MinHeapSize                              = 8388608                                   {product} {ergonomic}
    uintx NonNMethodCodeHeapSize                   = 5839372                                {pd product} {ergonomic}
    uintx NonProfiledCodeHeapSize                  = 122909434                              {pd product} {ergonomic}
    uintx ProfiledCodeHeapSize                     = 122909434                              {pd product} {ergonomic}
    uintx ReservedCodeCacheSize                    = 251658240                              {pd product} {ergonomic}
     bool SegmentedCodeCache                       = true                                      {product} {ergonomic}
   size_t SoftMaxHeapSize                          = 2090860544                             {manageable} {ergonomic}
     bool UseCompressedOops                        = true                           {product lp64_product} {ergonomic}
     bool UseG1GC                                  = true                                      {product} {ergonomic}
     bool UseLargePagesIndividualAllocation        = false                                  {pd product} {ergonomic}

Logging:
Log output configuration:
 #0: stdout all=warning uptime,level,tags foldmultilines=false
 #1: stderr all=off uptime,level,tags foldmultilines=false

Environment Variables:
PATH=C:\Windows\System32\HWAudioDriverLibs;C:\Windows\system32;C:\Windows;C:\Windows\System32\Wbem;C:\Windows\System32\WindowsPowerShell\v1.0\;C:\Windows\System32\OpenSSH\;C:\Users\Administrator\AppData\Local\Microsoft\WindowsApps;C:\Program Files\MATLAB\R2009a\bin;C:\Program Files\MATLAB\R2009a\bin\win64;D:\down\doxygen\bin;C:\Program Files (x86)\Windows Kits\10\Windows Performance Toolkit\;D:\down\runtime\win64;D:\down\bin;C:\Program Files\PuTTY\;C:\Program Files\dotnet\;C:\Program Files\Git\cmd;C:\Users\sonya\AppData\Local\Microsoft\WindowsApps;D:\down\Microsoft VS Code\bin;C:\Program Files\JetBrains\IntelliJ IDEA Community Edition 2023.3.4\bin;;C:\Users\sonya\.dotnet\tools
USERNAME=sonya
OS=Windows_NT
PROCESSOR_IDENTIFIER=Intel64 Family 6 Model 140 Stepping 2, GenuineIntel
TMP=C:\Users\sonya\AppData\Local\Temp
TEMP=C:\Users\sonya\AppData\Local\Temp




Periodic native trim disabled

---------------  S Y S T E M  ---------------

OS:
 Windows 11 , 64 bit Build 22621 (10.0.22621.3235)
OS uptime: 1 days 8:35 hours
Hyper-V role detected

CPU: total 8 (initial active 8) (4 cores per cpu, 2 threads per core) family 6 model 140 stepping 2 microcode 0x16, cx8, cmov, fxsr, ht, mmx, 3dnowpref, sse, sse2, sse3, ssse3, sse4.1, sse4.2, popcnt, lzcnt, tsc, tscinvbit, avx, avx2, aes, erms, clmul, bmi1, bmi2, adx, avx512f, avx512dq, avx512cd, avx512bw, avx512vl, sha, fma, vzeroupper, avx512_vpopcntdq, avx512_vpclmulqdq, avx512_vaes, avx512_vnni, clflush, clflushopt, clwb, avx512_vbmi2, avx512_vbmi, hv, rdtscp, rdpid, fsrm, gfni, avx512_bitalg, f16c, cet_ibt, cet_ss, avx512_ifma
Processor Information for processor 0
  Max Mhz: 2496, Current Mhz: 2496, Mhz Limit: 2496
Processor Information for processor 1
  Max Mhz: 2496, Current Mhz: 2496, Mhz Limit: 2496
Processor Information for processor 2
  Max Mhz: 2496, Current Mhz: 2496, Mhz Limit: 2496
Processor Information for processor 3
  Max Mhz: 2496, Current Mhz: 2496, Mhz Limit: 2496
Processor Information for processor 4
  Max Mhz: 2496, Current Mhz: 1198, Mhz Limit: 2496
Processor Information for processor 5
  Max Mhz: 2496, Current Mhz: 2496, Mhz Limit: 2496
Processor Information for processor 6
  Max Mhz: 2496, Current Mhz: 2496, Mhz Limit: 2496
Processor Information for processor 7
  Max Mhz: 2496, Current Mhz: 2496, Mhz Limit: 2496

Memory: 4k page, system-wide physical 7975M (538M free)
TotalPageFile size 10999M (AvailPageFile size 5M)
current process WorkingSet (physical memory assigned to process): 132M, peak: 132M
current process commit charge ("private bytes"): 258M, peak: 259M

vm_info: OpenJDK 64-Bit Server VM (21.0.2+13-58) for windows-amd64 JRE (21.0.2+13-58), built on 2024-01-05T18:32:24Z by "mach5one" with MS VC++ 17.1 (VS2022)

END.
